Flow report for Camera
Fri Feb 15 15:20:33 2019
Quartus II 64-Bit Version 15.0.0 Build 145 04/22/2015 SJ Web Edition


---------------------
; Table of Contents ;
---------------------
  1. Legal Notice
  2. Flow Summary
  3. Flow Settings
  4. Flow Non-Default Global Settings
  5. Flow Elapsed Time
  6. Flow OS Summary
  7. Flow Log
  8. Flow Messages
  9. Flow Suppressed Messages



----------------
; Legal Notice ;
----------------
Copyright (C) 1991-2015 Altera Corporation. All rights reserved.
Your use of Altera Corporation's design tools, logic functions 
and other software and tools, and its AMPP partner logic 
functions, and any output files from any of the foregoing 
(including device programming or simulation files), and any 
associated documentation or information are expressly subject 
to the terms and conditions of the Altera Program License 
Subscription Agreement, the Altera Quartus II License Agreement,
the Altera MegaCore Function License Agreement, or other 
applicable license agreement, including, without limitation, 
that your use is for the sole purpose of programming logic 
devices manufactured by Altera and sold by Altera or its 
authorized distributors.  Please refer to the applicable 
agreement for further details.



+---------------------------------------------------------------------------------+
; Flow Summary                                                                    ;
+------------------------------------+--------------------------------------------+
; Flow Status                        ; Successful - Fri Feb 15 15:20:01 2019      ;
; Quartus II 64-Bit Version          ; 15.0.0 Build 145 04/22/2015 SJ Web Edition ;
; Revision Name                      ; Camera                                     ;
; Top-level Entity Name              ; Camera                                     ;
; Family                             ; Cyclone IV E                               ;
; Device                             ; EP4CE115F29C7                              ;
; Timing Models                      ; Final                                      ;
; Total logic elements               ; 11,193 / 114,480 ( 10 % )                  ;
;     Total combinational functions  ; 10,931 / 114,480 ( 10 % )                  ;
;     Dedicated logic registers      ; 1,302 / 114,480 ( 1 % )                    ;
; Total registers                    ; 1320                                       ;
; Total pins                         ; 476 / 529 ( 90 % )                         ;
; Total virtual pins                 ; 0                                          ;
; Total memory bits                  ; 47,824 / 3,981,312 ( 1 % )                 ;
; Embedded Multiplier 9-bit elements ; 12 / 532 ( 2 % )                           ;
; Total PLLs                         ; 1 / 4 ( 25 % )                             ;
+------------------------------------+--------------------------------------------+


+-----------------------------------------+
; Flow Settings                           ;
+-------------------+---------------------+
; Option            ; Setting             ;
+-------------------+---------------------+
; Start date & time ; 02/15/2019 15:16:52 ;
; Main task         ; Compilation         ;
; Revision Name     ; Camera              ;
+-------------------+---------------------+


+------------------------------------------------------------------------------------------------------------------------+
; Flow Non-Default Global Settings                                                                                       ;
+-------------------------------------+---------------------------------------+---------------+-------------+------------+
; Assignment Name                     ; Value                                 ; Default Value ; Entity Name ; Section Id ;
+-------------------------------------+---------------------------------------+---------------+-------------+------------+
; COMPILER_SIGNATURE_ID               ; 9210269401684.155025461209460         ; --            ; --          ; --         ;
; MAX_CORE_JUNCTION_TEMP              ; 85                                    ; --            ; --          ; --         ;
; MIN_CORE_JUNCTION_TEMP              ; 0                                     ; --            ; --          ; --         ;
; MISC_FILE                           ; V/sdram_pll.bsf                       ; --            ; --          ; --         ;
; MISC_FILE                           ; V/sdram_pll.ppf                       ; --            ; --          ; --         ;
; MISC_FILE                           ; divisor_bb.v                          ; --            ; --          ; --         ;
; PARTITION_COLOR                     ; 16764057                              ; --            ; --          ; Top        ;
; PARTITION_FITTER_PRESERVATION_LEVEL ; PLACEMENT_AND_ROUTING                 ; --            ; --          ; Top        ;
; PARTITION_NETLIST_TYPE              ; SOURCE                                ; --            ; --          ; Top        ;
; POWER_BOARD_THERMAL_MODEL           ; None (CONSERVATIVE)                   ; --            ; --          ; --         ;
; POWER_PRESET_COOLING_SOLUTION       ; 23 MM HEAT SINK WITH 200 LFPM AIRFLOW ; --            ; --          ; --         ;
+-------------------------------------+---------------------------------------+---------------+-------------+------------+


+-------------------------------------------------------------------------------------------------------------------------------+
; Flow Elapsed Time                                                                                                             ;
+---------------------------+--------------+-------------------------+---------------------+------------------------------------+
; Module Name               ; Elapsed Time ; Average Processors Used ; Peak Virtual Memory ; Total CPU Time (on all processors) ;
+---------------------------+--------------+-------------------------+---------------------+------------------------------------+
; Analysis & Synthesis      ; 00:00:45     ; 1.0                     ; 4975 MB             ; 00:00:59                           ;
; Fitter                    ; 00:02:05     ; 2.3                     ; 5931 MB             ; 00:03:21                           ;
; Assembler                 ; 00:00:08     ; 1.0                     ; 4811 MB             ; 00:00:07                           ;
; TimeQuest Timing Analyzer ; 00:00:29     ; 1.7                     ; 5225 MB             ; 00:00:28                           ;
; Total                     ; 00:03:27     ; --                      ; --                  ; 00:04:55                           ;
+---------------------------+--------------+-------------------------+---------------------+------------------------------------+


+----------------------------------------------------------------------------------------+
; Flow OS Summary                                                                        ;
+---------------------------+------------------+-----------+------------+----------------+
; Module Name               ; Machine Hostname ; OS Name   ; OS Version ; Processor type ;
+---------------------------+------------------+-----------+------------+----------------+
; Analysis & Synthesis      ; DESKTOP-2UDAB0H  ; Windows 7 ; 6.2        ; x86_64         ;
; Fitter                    ; DESKTOP-2UDAB0H  ; Windows 7 ; 6.2        ; x86_64         ;
; Assembler                 ; DESKTOP-2UDAB0H  ; Windows 7 ; 6.2        ; x86_64         ;
; TimeQuest Timing Analyzer ; DESKTOP-2UDAB0H  ; Windows 7 ; 6.2        ; x86_64         ;
+---------------------------+------------------+-----------+------------+----------------+


------------
; Flow Log ;
------------
quartus_map --read_settings_files=on --write_settings_files=off Camera -c Camera
quartus_fit --read_settings_files=off --write_settings_files=off Camera -c Camera
quartus_asm --read_settings_files=off --write_settings_files=off Camera -c Camera
quartus_sta Camera -c Camera



